INFO:root:2022-12-22 17:07:50.449314:GET
INFO:root:2022-12-22 17:07:51.580667:GET
WARNING:django.request:Not Found: /favicon.ico
ERROR:django.request:Internal Server Error: /
Traceback (most recent call last):
  File "/home/lyapin/.local/lib/python3.8/site-packages/django/core/handlers/exception.py", line 34, in inner
    response = get_response(request)
  File "/home/lyapin/.local/lib/python3.8/site-packages/django/core/handlers/base.py", line 124, in _get_response
    raise ValueError(
ValueError: The view advertisements.views.ClassBasedView didn't return an HttpResponse object. It returned None instead.
INFO:root:2022-12-22 17:07:52.991207:GET
INFO:django.utils.autoreload:/home/lyapin/PycharmProjects/pythonProject/dpo_python_django/03_RequestsHandlingInDjango/board/advertisements/views.py changed, reloading.
INFO:root:2022-12-22 17:10:00.474047:GET
ERROR:django.request:Internal Server Error: /
Traceback (most recent call last):
  File "/home/lyapin/.local/lib/python3.8/site-packages/django/core/handlers/exception.py", line 34, in inner
    response = get_response(request)
  File "/home/lyapin/.local/lib/python3.8/site-packages/django/core/handlers/base.py", line 124, in _get_response
    raise ValueError(
ValueError: The view advertisements.views.ClassBasedView didn't return an HttpResponse object. It returned None instead.
INFO:root:2022-12-22 17:10:03.693230:GET
ERROR:django.request:Internal Server Error: /
Traceback (most recent call last):
  File "/home/lyapin/.local/lib/python3.8/site-packages/django/core/handlers/exception.py", line 34, in inner
    response = get_response(request)
  File "/home/lyapin/.local/lib/python3.8/site-packages/django/core/handlers/base.py", line 124, in _get_response
    raise ValueError(
ValueError: The view advertisements.views.ClassBasedView didn't return an HttpResponse object. It returned None instead.
INFO:root:2022-12-22 17:10:06.021085:GET
INFO:root:2022-12-22 17:10:18.914001:GET
INFO:root:2022-12-22 17:10:18.943942:GET
INFO:root:2022-12-22 17:10:24.466960:GET
WARNING:django.request:Not Found: /ad
INFO:root:2022-12-22 17:10:34.246842:GET
WARNING:django.request:Not Found: /aadvertisement/
INFO:root:2022-12-22 17:10:44.348905:GET
INFO:django.utils.autoreload:/home/lyapin/PycharmProjects/pythonProject/dpo_python_django/03_RequestsHandlingInDjango/board/advertisements/views.py changed, reloading.
INFO:root:2022-12-22 17:11:29.271562:GET
ERROR:django.request:Internal Server Error: /
Traceback (most recent call last):
  File "/home/lyapin/.local/lib/python3.8/site-packages/django/core/handlers/exception.py", line 34, in inner
    response = get_response(request)
  File "/home/lyapin/.local/lib/python3.8/site-packages/django/core/handlers/base.py", line 124, in _get_response
    raise ValueError(
ValueError: The view advertisements.views.ClassBasedView didn't return an HttpResponse object. It returned None instead.
INFO:root:2022-12-22 17:11:36.711698:GET
INFO:django.utils.autoreload:/home/lyapin/PycharmProjects/pythonProject/dpo_python_django/03_RequestsHandlingInDjango/board/advertisements/views.py changed, reloading.
INFO:root:2022-12-22 17:12:09.436523:GET
INFO:root:2022-12-22 17:12:10.282789:GET
INFO:root:2022-12-22 17:12:59.224512:GET
INFO:django.utils.autoreload:/home/lyapin/PycharmProjects/pythonProject/dpo_python_django/03_RequestsHandlingInDjango/board/advertisements/views.py changed, reloading.
INFO:root:2022-12-22 17:13:01.124763:GET
INFO:root:2022-12-22 17:13:01.842023:GET
INFO:root:2022-12-22 17:13:02.452982:GET
INFO:root:2022-12-22 17:13:03.070845:GET
INFO:root:2022-12-22 17:13:03.611769:GET
INFO:root:2022-12-22 17:13:04.134676:GET
INFO:django.utils.autoreload:/home/lyapin/PycharmProjects/pythonProject/dpo_python_django/03_RequestsHandlingInDjango/board/advertisements/views.py changed, reloading.
INFO:root:2022-12-22 17:14:01.811002:GET
INFO:root:2022-12-22 17:14:02.577242:GET
INFO:root:2023-01-07 17:33:39.565130:GET
INFO:root:2023-01-07 17:33:40.403051:GET
WARNING:django.request:Not Found: /favicon.ico
INFO:root:2023-01-07 17:33:43.780175:POST
WARNING:django.request:Not Found: /advertisements_list/
INFO:root:2023-01-07 17:33:54.052408:POST
WARNING:django.request:Not Found: /advertisements_list/
INFO:root:2023-01-07 17:34:09.965255:POST
WARNING:django.request:Not Found: /advertisements_list/
